[Wed, 24 Aug 2016 17:06:52 GMT] Database installation started
[Wed, 24 Aug 2016 17:06:54 GMT] Database installation successful
[Wed, 24 Aug 2016 17:06:55 GMT] Database installation started
[Wed, 24 Aug 2016 17:06:55 GMT] Auto update scheduled
[Wed, 24 Aug 2016 17:06:57 GMT] Database installation started
[Wed, 24 Aug 2016 17:06:58 GMT] Database installation successful
[Wed, 24 Aug 2016 17:06:58 GMT] Database installation started
[Wed, 24 Aug 2016 17:06:59 GMT] Database installation successful
[Wed, 24 Aug 2016 17:07:01 GMT] Database installation started
[Wed, 24 Aug 2016 17:07:01 GMT] Database installation successful
[Wed, 24 Aug 2016 17:07:01 GMT] Database installation started
[Wed, 24 Aug 2016 17:07:04 GMT] Database installation successful
[Wed, 24 Aug 2016 17:07:04 GMT] Database installation successful
[Wed, 24 Aug 2016 17:07:04 GMT] Database installation started
[Wed, 24 Aug 2016 17:07:04 GMT] Database installation started
[Wed, 24 Aug 2016 17:07:07 GMT] Database installation successful
[Wed, 24 Aug 2016 17:07:07 GMT] Database installation successful
[Wed, 24 Aug 2016 17:07:08 GMT] Database installation started
[Wed, 24 Aug 2016 17:07:08 GMT] Auto update started
[Wed, 24 Aug 2016 17:07:10 GMT] Database installation successful
[Wed, 24 Aug 2016 17:07:14 GMT] Auto update descheduled
[Wed, 24 Aug 2016 17:07:15 GMT] Auto update scheduled
[Wed, 24 Aug 2016 17:07:15 GMT] Auto update scheduled
[Wed, 24 Aug 2016 17:07:15 GMT] Auto update scheduled
[Wed, 24 Aug 2016 17:07:18 GMT] Auto update successful
[Wed, 24 Aug 2016 17:07:28 GMT] Auto update started
[Wed, 24 Aug 2016 17:07:29 GMT] Auto update failed, code: 1, message: Quick Flag database already up to date.
[Wed, 24 Aug 2016 17:07:29 GMT] Auto update successful
[Tue, 20 Sep 2016 15:19:51 GMT] Auto update started
[Tue, 20 Sep 2016 15:19:53 GMT] Auto update failed, code: 1, message: Quick Flag database already up to date.
[Tue, 20 Sep 2016 15:19:53 GMT] Auto update successful
